E:\SCHOOL\2018 SPRING\CS 307\PROGRAMMING ASSIGNMENTS\PROGRAMMING ASSIGNMENT 2\PROGRAMMING ASSIGNMENT 02\PROG_ASSIGNMENT_02\DEBUG\PROG_ASSIGNMENT_02.EXE
E:\SCHOOL\2018 SPRING\CS 307\PROGRAMMING ASSIGNMENTS\PROGRAMMING ASSIGNMENT 2\PROGRAMMING ASSIGNMENT 02\PROG_ASSIGNMENT_02\DEBUG\PROG_ASSIGNMENT_02.ILK
E:\SCHOOL\2018 SPRING\CS 307\PROGRAMMING ASSIGNMENTS\PROGRAMMING ASSIGNMENT 2\PROGRAMMING ASSIGNMENT 02\PROG_ASSIGNMENT_02\DEBUG\PROG_ASSIGNMENT_02.PDB
E:\SCHOOL\2018 SPRING\CS 307\PROGRAMMING ASSIGNMENTS\PROGRAMMING ASSIGNMENT 2\PROGRAMMING ASSIGNMENT 02\PROG_ASSIGNMENT_02\PROG_ASSIGNMENT_02\DEBUG\CHROMOSOME.OBJ
E:\SCHOOL\2018 SPRING\CS 307\PROGRAMMING ASSIGNMENTS\PROGRAMMING ASSIGNMENT 2\PROGRAMMING ASSIGNMENT 02\PROG_ASSIGNMENT_02\PROG_ASSIGNMENT_02\DEBUG\CHROMOSOME_FACTORY.OBJ
E:\School\2018 Spring\CS 307\Programming Assignments\Programming Assignment 2\Programming Assignment 02\Prog_Assignment_02\Prog_Assignment_02\Debug\cl.command.1.tlog
E:\School\2018 Spring\CS 307\Programming Assignments\Programming Assignment 2\Programming Assignment 02\Prog_Assignment_02\Prog_Assignment_02\Debug\CL.read.1.tlog
E:\School\2018 Spring\CS 307\Programming Assignments\Programming Assignment 2\Programming Assignment 02\Prog_Assignment_02\Prog_Assignment_02\Debug\CL.write.1.tlog
E:\SCHOOL\2018 SPRING\CS 307\PROGRAMMING ASSIGNMENTS\PROGRAMMING ASSIGNMENT 2\PROGRAMMING ASSIGNMENT 02\PROG_ASSIGNMENT_02\PROG_ASSIGNMENT_02\DEBUG\GARDEN.OBJ
E:\SCHOOL\2018 SPRING\CS 307\PROGRAMMING ASSIGNMENTS\PROGRAMMING ASSIGNMENT 2\PROGRAMMING ASSIGNMENT 02\PROG_ASSIGNMENT_02\PROG_ASSIGNMENT_02\DEBUG\GENE.OBJ
E:\SCHOOL\2018 SPRING\CS 307\PROGRAMMING ASSIGNMENTS\PROGRAMMING ASSIGNMENT 2\PROGRAMMING ASSIGNMENT 02\PROG_ASSIGNMENT_02\PROG_ASSIGNMENT_02\DEBUG\GENETICSSIMDATAPARSER.OBJ
E:\School\2018 Spring\CS 307\Programming Assignments\Programming Assignment 2\Programming Assignment 02\Prog_Assignment_02\Prog_Assignment_02\Debug\link.command.1.tlog
E:\School\2018 Spring\CS 307\Programming Assignments\Programming Assignment 2\Programming Assignment 02\Prog_Assignment_02\Prog_Assignment_02\Debug\link.read.1.tlog
E:\School\2018 Spring\CS 307\Programming Assignments\Programming Assignment 2\Programming Assignment 02\Prog_Assignment_02\Prog_Assignment_02\Debug\link.write.1.tlog
E:\SCHOOL\2018 SPRING\CS 307\PROGRAMMING ASSIGNMENTS\PROGRAMMING ASSIGNMENT 2\PROGRAMMING ASSIGNMENT 02\PROG_ASSIGNMENT_02\PROG_ASSIGNMENT_02\DEBUG\MAIN.OBJ
E:\SCHOOL\2018 SPRING\CS 307\PROGRAMMING ASSIGNMENTS\PROGRAMMING ASSIGNMENT 2\PROGRAMMING ASSIGNMENT 02\PROG_ASSIGNMENT_02\PROG_ASSIGNMENT_02\DEBUG\MASTER_GENE.OBJ
E:\SCHOOL\2018 SPRING\CS 307\PROGRAMMING ASSIGNMENTS\PROGRAMMING ASSIGNMENT 2\PROGRAMMING ASSIGNMENT 02\PROG_ASSIGNMENT_02\PROG_ASSIGNMENT_02\DEBUG\MASTER_GENE_FACTORY.OBJ
E:\School\2018 Spring\CS 307\Programming Assignments\Programming Assignment 2\Programming Assignment 02\Prog_Assignment_02\Prog_Assignment_02\Debug\mt.command.1.tlog
E:\School\2018 Spring\CS 307\Programming Assignments\Programming Assignment 2\Programming Assignment 02\Prog_Assignment_02\Prog_Assignment_02\Debug\mt.read.1.tlog
E:\School\2018 Spring\CS 307\Programming Assignments\Programming Assignment 2\Programming Assignment 02\Prog_Assignment_02\Prog_Assignment_02\Debug\mt.write.1.tlog
E:\SCHOOL\2018 SPRING\CS 307\PROGRAMMING ASSIGNMENTS\PROGRAMMING ASSIGNMENT 2\PROGRAMMING ASSIGNMENT 02\PROG_ASSIGNMENT_02\PROG_ASSIGNMENT_02\DEBUG\ORGANISM.OBJ
E:\SCHOOL\2018 SPRING\CS 307\PROGRAMMING ASSIGNMENTS\PROGRAMMING ASSIGNMENT 2\PROGRAMMING ASSIGNMENT 02\PROG_ASSIGNMENT_02\PROG_ASSIGNMENT_02\DEBUG\ORGANISM_FACTORY.OBJ
E:\SCHOOL\2018 SPRING\CS 307\PROGRAMMING ASSIGNMENTS\PROGRAMMING ASSIGNMENT 2\PROGRAMMING ASSIGNMENT 02\PROG_ASSIGNMENT_02\PROG_ASSIGNMENT_02\DEBUG\PROG_ASSIGNMENT_02.EXE.INTERMEDIATE.MANIFEST
E:\School\2018 Spring\CS 307\Programming Assignments\Programming Assignment 2\Programming Assignment 02\Prog_Assignment_02\Prog_Assignment_02\Debug\Prog_Assignment_02.write.1.tlog
E:\SCHOOL\2018 SPRING\CS 307\PROGRAMMING ASSIGNMENTS\PROGRAMMING ASSIGNMENT 2\PROGRAMMING ASSIGNMENT 02\PROG_ASSIGNMENT_02\PROG_ASSIGNMENT_02\DEBUG\SIMULATION.OBJ
E:\School\2018 Spring\CS 307\Programming Assignments\Programming Assignment 2\Programming Assignment 02\Prog_Assignment_02\Prog_Assignment_02\Debug\vc100.idb
E:\SCHOOL\2018 SPRING\CS 307\PROGRAMMING ASSIGNMENTS\PROGRAMMING ASSIGNMENT 2\PROGRAMMING ASSIGNMENT 02\PROG_ASSIGNMENT_02\PROG_ASSIGNMENT_02\DEBUG\VC100.PDB
